<?xml version="1.0" encoding="utf-8"?><testsuites name="pytest tests"><testsuite name="pytest" errors="0" failures="0" skipped="1" tests="41" time="6.610" timestamp="2026-04-22T15:14:47.567542+00:00" hostname="agent-env-6507e1c7-dedd-414c-9af5-7152cbed3776"><testcase classname="backend_test.TestRoot" name="test_root" time="0.234" /><testcase classname="backend_test.TestLeaderboardFlow" name="test_submit_valid_win" time="0.149" /><testcase classname="backend_test.TestLeaderboardFlow" name="test_submit_requires_session" time="0.053" /><testcase classname="backend_test.TestLeaderboardFlow" name="test_submit_nick_mismatch_403" time="0.149" /><testcase classname="backend_test.TestLeaderboardFlow" name="test_case_insensitive_nick_match" time="0.146" /><testcase classname="backend_test.TestLeaderboardFlow" name="test_get_leaderboard_filtered" time="0.048" /><testcase classname="backend_test.TestLeaderboardFlow" name="test_get_recent" time="0.050" /><testcase classname="backend_test.TestValidation" name="test_negative_score" time="0.143" /><testcase classname="backend_test.TestValidation" name="test_missing_field" time="0.138" /><testcase classname="backend_test.TestNoObjectId" name="test_leaderboard_no_objectid" time="0.055" /><testcase classname="test_campaign_custom_stats.TestLobbyLifecycle" name="test_create_join_start_result_finish" time="0.715" /><testcase classname="test_campaign_custom_stats.TestLobbyLifecycle" name="test_join_full_lobby_409" time="0.444" /><testcase classname="test_campaign_custom_stats.TestLobbyLifecycle" name="test_get_unknown_404" time="0.048" /><testcase classname="test_campaign_custom_stats.TestLobbyLifecycle" name="test_create_requires_session" time="0.056" /><testcase classname="test_campaign_custom_stats.TestMatchmaking" name="test_find_creates_then_joins" time="0.325" /><testcase classname="test_iteration4_shop_rating.TestShopCatalog" name="test_catalog_has_cursors_and_16_items" time="0.150" /><testcase classname="test_iteration4_shop_rating.TestShopPurchase" name="test_requires_session" time="0.055" /><testcase classname="test_iteration4_shop_rating.TestShopPurchase" name="test_invalid_item_404" time="0.139" /><testcase classname="test_iteration4_shop_rating.TestShopPurchase" name="test_insufficient_coins_402" time="0.137" /><testcase classname="test_iteration4_shop_rating.TestShopPurchase" name="test_cursor_purchase_success" time="0.289" /><testcase classname="test_iteration4_shop_rating.TestCoinAwardsAlwaysOnCampaign" name="test_campaign_win_new_formula" time="0.132" /><testcase classname="test_iteration4_shop_rating.TestCoinAwardsAlwaysOnCampaign" name="test_campaign_loss_small_bonus" time="0.140" /><testcase classname="test_iteration4_shop_rating.TestCoinAwardsAlwaysOnCampaign" name="test_ranked_win_rating_and_coins" time="0.177" /><testcase classname="test_iteration4_shop_rating.TestCoinAwardsAlwaysOnCampaign" name="test_ranked_loss_negative_rating" time="0.147" /><testcase classname="test_iteration4_shop_rating.TestRankedLeaderboard" name="test_ranked_list_sorted" time="0.061" /><testcase classname="test_players_admin.TestRegisterValidation" name="test_short_nick_422" time="0.175" /><testcase classname="test_players_admin.TestRegisterValidation" name="test_missing_password_422" time="0.056" /><testcase classname="test_players_admin.TestRegisterValidation" name="test_short_password_422" time="0.052" /><testcase classname="test_players_admin.TestRegisterValidation" name="test_duplicate_409" time="0.146" /><testcase classname="test_players_admin.TestRegisterValidation" name="test_register_returns_player_and_token" time="0.091" /><testcase classname="test_players_admin.TestLogin" name="test_login_wrong_password_401" time="0.177" /><testcase classname="test_players_admin.TestLogin" name="test_login_unknown_404" time="0.058" /><testcase classname="test_players_admin.TestLogin" name="test_login_correct_returns_token" time="0.177" /><testcase classname="test_players_admin.TestMeAndLogout" name="test_me_requires_token" time="0.050" /><testcase classname="test_players_admin.TestMeAndLogout" name="test_me_returns_player" time="0.144" /><testcase classname="test_players_admin.TestMeAndLogout" name="test_logout_invalidates_token" time="0.193" /><testcase classname="test_players_admin.TestChangePassword" name="test_wrong_old_401" time="0.173" /><testcase classname="test_players_admin.TestChangePassword" name="test_correct_rotates_token" time="0.409" /><testcase classname="test_players_admin.TestChangePassword" name="test_short_new_password_422" time="0.137" /><testcase classname="test_players_admin.TestCheckEndpoint" name="test_check_admin_flag" time="0.052" /><testcase classname="test_players_admin.TestAdminFlow" name="test_submit_as_admin_then_delete" time="0.257"><skipped type="pytest.skip" message="cannot obtain admin Limp4 session: register=409 login_pw=pw12345">/app/backend/tests/test_players_admin.py:135: cannot obtain admin Limp4 session: register=409 login_pw=pw12345</skipped></testcase></testsuite></testsuites>